2025-12-24 19:19:17 +07:00: node: ${ENV_FILE:-.env}: not found
2025-12-24 19:19:17 +07:00: node: ${ENV_FILE:-.env}: not found
2025-12-24 19:19:17 +07:00: node: ${ENV_FILE:-.env}: not found
2025-12-24 19:19:17 +07:00: node: ${ENV_FILE:-.env}: not found
2025-12-24 19:19:17 +07:00: node: ${ENV_FILE:-.env}: not found
2025-12-24 19:19:17 +07:00: node: ${ENV_FILE:-.env}: not found
2025-12-24 19:19:17 +07:00: node: ${ENV_FILE:-.env}: not found
2025-12-24 19:19:17 +07:00: node: ${ENV_FILE:-.env}: not found
2025-12-24 19:19:17 +07:00: node: ${ENV_FILE:-.env}: not found
2025-12-24 19:19:17 +07:00: node: ${ENV_FILE:-.env}: not found
2025-12-24 19:19:17 +07:00: node: ${ENV_FILE:-.env}: not found
2025-12-24 19:19:17 +07:00: node: ${ENV_FILE:-.env}: not found
2025-12-24 19:19:17 +07:00: node: ${ENV_FILE:-.env}: not found
2025-12-24 19:19:17 +07:00: node: ${ENV_FILE:-.env}: not found
2025-12-24 19:19:17 +07:00: node: ${ENV_FILE:-.env}: not found
2025-12-24 19:19:17 +07:00: node: ${ENV_FILE:-.env}: not found
2025-12-24 19:21:54 +07:00: node: ${ENV_FILE:-.env}: not found
2025-12-24 19:21:54 +07:00: node: ${ENV_FILE:-.env}: not found
2025-12-24 19:21:54 +07:00: node: ${ENV_FILE:-.env}: not found
2025-12-24 19:21:54 +07:00: node: ${ENV_FILE:-.env}: not found
2025-12-24 19:21:54 +07:00: node: ${ENV_FILE:-.env}: not found
2025-12-24 19:21:54 +07:00: node: ${ENV_FILE:-.env}: not found
2025-12-24 19:21:54 +07:00: node: ${ENV_FILE:-.env}: not found
2025-12-24 19:21:54 +07:00: node: ${ENV_FILE:-.env}: not found
2025-12-24 19:21:54 +07:00: node: ${ENV_FILE:-.env}: not found
2025-12-24 19:21:54 +07:00: node: ${ENV_FILE:-.env}: not found
2025-12-24 19:21:54 +07:00: node: ${ENV_FILE:-.env}: not found
2025-12-24 19:21:54 +07:00: node: ${ENV_FILE:-.env}: not found
2025-12-24 19:21:54 +07:00: node: ${ENV_FILE:-.env}: not found
2025-12-24 19:21:54 +07:00: node: ${ENV_FILE:-.env}: not found
2025-12-24 19:21:54 +07:00: node: ${ENV_FILE:-.env}: not found
2025-12-24 19:21:58 +07:00: node: ${ENV_FILE:-.env}: not found
2025-12-24 19:21:58 +07:00: node: ${ENV_FILE:-.env}: not found
2025-12-24 19:21:58 +07:00: node: ${ENV_FILE:-.env}: not found
2025-12-24 19:21:58 +07:00: node: ${ENV_FILE:-.env}: not found
2025-12-24 19:21:58 +07:00: node: ${ENV_FILE:-.env}: not found
2025-12-24 19:21:58 +07:00: node: ${ENV_FILE:-.env}: not found
2025-12-24 19:21:58 +07:00: node: ${ENV_FILE:-.env}: not found
2025-12-24 19:21:58 +07:00: node: ${ENV_FILE:-.env}: not found
2025-12-24 19:21:58 +07:00: node: ${ENV_FILE:-.env}: not found
2025-12-24 19:21:58 +07:00: node: ${ENV_FILE:-.env}: not found
2025-12-24 19:21:58 +07:00: node: ${ENV_FILE:-.env}: not found
2025-12-24 19:21:58 +07:00: node: ${ENV_FILE:-.env}: not found
2025-12-24 19:21:58 +07:00: node: ${ENV_FILE:-.env}: not found
2025-12-24 19:21:58 +07:00: node: ${ENV_FILE:-.env}: not found
2025-12-24 19:21:58 +07:00: node: ${ENV_FILE:-.env}: not found
2025-12-24 19:22:04 +07:00: node: ${ENV_FILE:-.env}: not found
2025-12-24 19:22:04 +07:00: node: ${ENV_FILE:-.env}: not found
2025-12-24 19:22:04 +07:00: node: ${ENV_FILE:-.env}: not found
2025-12-24 19:22:04 +07:00: node: ${ENV_FILE:-.env}: not found
2025-12-24 19:22:04 +07:00: node: ${ENV_FILE:-.env}: not found
2025-12-24 19:22:04 +07:00: node: ${ENV_FILE:-.env}: not found
2025-12-24 19:22:04 +07:00: node: ${ENV_FILE:-.env}: not found
2025-12-24 19:22:04 +07:00: node: ${ENV_FILE:-.env}: not found
2025-12-24 19:22:04 +07:00: node: ${ENV_FILE:-.env}: not found
2025-12-24 19:22:04 +07:00: node: ${ENV_FILE:-.env}: not found
2025-12-24 19:22:04 +07:00: node: ${ENV_FILE:-.env}: not found
2025-12-24 19:22:04 +07:00: node: ${ENV_FILE:-.env}: not found
2025-12-24 19:22:04 +07:00: node: ${ENV_FILE:-.env}: not found
2025-12-24 19:22:04 +07:00: node: ${ENV_FILE:-.env}: not found
2025-12-24 19:22:04 +07:00: node: ${ENV_FILE:-.env}: not found
2025-12-24 19:22:04 +07:00: node: ${ENV_FILE:-.env}: not found
2025-12-24 19:22:10 +07:00: {"level":"WARN","timestamp":"2025-12-24T12:22:10.161Z","logger":"kafkajs","message":"KafkaJS v2.0.0 switched default partitioner. To retain the same partitioning behavior as in previous versions, create the producer with the option \"createPartitioner: Partitioners.LegacyPartitioner\". See the migration guide at https://kafka.js.org/docs/migration-guide-v2.0.0#producer-new-default-partitioner for details. Silence this warning by setting the environment variable \"KAFKAJS_NO_PARTITIONER_WARNING=1\""}
2025-12-24 19:22:10 +07:00: (node:830565) TimeoutNegativeWarning: -1766578930173 is a negative number.
2025-12-24 19:22:10 +07:00: Timeout duration was set to 1.
2025-12-24 19:22:10 +07:00: (Use `node --trace-warnings ...` to show where the warning was created)
2025-12-24 19:22:14 +07:00: {"level":"WARN","timestamp":"2025-12-24T12:22:14.690Z","logger":"kafkajs","message":"KafkaJS v2.0.0 switched default partitioner. To retain the same partitioning behavior as in previous versions, create the producer with the option \"createPartitioner: Partitioners.LegacyPartitioner\". See the migration guide at https://kafka.js.org/docs/migration-guide-v2.0.0#producer-new-default-partitioner for details. Silence this warning by setting the environment variable \"KAFKAJS_NO_PARTITIONER_WARNING=1\""}
2025-12-24 19:22:14 +07:00: (node:831744) TimeoutNegativeWarning: -1766578934701 is a negative number.
2025-12-24 19:22:14 +07:00: Timeout duration was set to 1.
2025-12-24 19:22:14 +07:00: (Use `node --trace-warnings ...` to show where the warning was created)
2025-12-24 19:22:19 +07:00: {"level":"WARN","timestamp":"2025-12-24T12:22:19.942Z","logger":"kafkajs","message":"KafkaJS v2.0.0 switched default partitioner. To retain the same partitioning behavior as in previous versions, create the producer with the option \"createPartitioner: Partitioners.LegacyPartitioner\". See the migration guide at https://kafka.js.org/docs/migration-guide-v2.0.0#producer-new-default-partitioner for details. Silence this warning by setting the environment variable \"KAFKAJS_NO_PARTITIONER_WARNING=1\""}
2025-12-24 19:22:19 +07:00: (node:832586) TimeoutNegativeWarning: -1766578939954 is a negative number.
2025-12-24 19:22:19 +07:00: Timeout duration was set to 1.
2025-12-24 19:22:19 +07:00: (Use `node --trace-warnings ...` to show where the warning was created)
