2025-12-24 19:19:17 +07:00: node: ${ENV_FILE:-.env}: not found
2025-12-24 19:19:17 +07:00: node: ${ENV_FILE:-.env}: not found
2025-12-24 19:19:17 +07:00: node: ${ENV_FILE:-.env}: not found
2025-12-24 19:19:17 +07:00: node: ${ENV_FILE:-.env}: not found
2025-12-24 19:19:17 +07:00: node: ${ENV_FILE:-.env}: not found
2025-12-24 19:19:17 +07:00: node: ${ENV_FILE:-.env}: not found
2025-12-24 19:19:17 +07:00: node: ${ENV_FILE:-.env}: not found
2025-12-24 19:19:17 +07:00: node: ${ENV_FILE:-.env}: not found
2025-12-24 19:19:17 +07:00: node: ${ENV_FILE:-.env}: not found
2025-12-24 19:19:17 +07:00: node: ${ENV_FILE:-.env}: not found
2025-12-24 19:19:17 +07:00: node: ${ENV_FILE:-.env}: not found
2025-12-24 19:19:17 +07:00: node: ${ENV_FILE:-.env}: not found
2025-12-24 19:19:17 +07:00: node: ${ENV_FILE:-.env}: not found
2025-12-24 19:19:17 +07:00: node: ${ENV_FILE:-.env}: not found
2025-12-24 19:19:17 +07:00: node: ${ENV_FILE:-.env}: not found
2025-12-24 19:19:17 +07:00: node: ${ENV_FILE:-.env}: not found
2025-12-24 19:21:54 +07:00: node: ${ENV_FILE:-.env}: not found
2025-12-24 19:21:54 +07:00: node: ${ENV_FILE:-.env}: not found
2025-12-24 19:21:54 +07:00: node: ${ENV_FILE:-.env}: not found
2025-12-24 19:21:54 +07:00: node: ${ENV_FILE:-.env}: not found
2025-12-24 19:21:54 +07:00: node: ${ENV_FILE:-.env}: not found
2025-12-24 19:21:54 +07:00: node: ${ENV_FILE:-.env}: not found
2025-12-24 19:21:54 +07:00: node: ${ENV_FILE:-.env}: not found
2025-12-24 19:21:54 +07:00: node: ${ENV_FILE:-.env}: not found
2025-12-24 19:21:54 +07:00: node: ${ENV_FILE:-.env}: not found
2025-12-24 19:21:54 +07:00: node: ${ENV_FILE:-.env}: not found
2025-12-24 19:21:54 +07:00: node: ${ENV_FILE:-.env}: not found
2025-12-24 19:21:54 +07:00: node: ${ENV_FILE:-.env}: not found
2025-12-24 19:21:54 +07:00: node: ${ENV_FILE:-.env}: not found
2025-12-24 19:21:54 +07:00: node: ${ENV_FILE:-.env}: not found
2025-12-24 19:21:54 +07:00: node: ${ENV_FILE:-.env}: not found
2025-12-24 19:21:54 +07:00: node: ${ENV_FILE:-.env}: not found
2025-12-24 19:21:58 +07:00: node: ${ENV_FILE:-.env}: not found
2025-12-24 19:21:58 +07:00: node: ${ENV_FILE:-.env}: not found
2025-12-24 19:21:58 +07:00: node: ${ENV_FILE:-.env}: not found
2025-12-24 19:21:58 +07:00: node: ${ENV_FILE:-.env}: not found
2025-12-24 19:21:58 +07:00: node: ${ENV_FILE:-.env}: not found
2025-12-24 19:21:58 +07:00: node: ${ENV_FILE:-.env}: not found
2025-12-24 19:21:58 +07:00: node: ${ENV_FILE:-.env}: not found
2025-12-24 19:21:58 +07:00: node: ${ENV_FILE:-.env}: not found
2025-12-24 19:21:58 +07:00: node: ${ENV_FILE:-.env}: not found
2025-12-24 19:21:58 +07:00: node: ${ENV_FILE:-.env}: not found
2025-12-24 19:21:58 +07:00: node: ${ENV_FILE:-.env}: not found
2025-12-24 19:21:58 +07:00: node: ${ENV_FILE:-.env}: not found
2025-12-24 19:21:58 +07:00: node: ${ENV_FILE:-.env}: not found
2025-12-24 19:21:58 +07:00: node: ${ENV_FILE:-.env}: not found
2025-12-24 19:21:58 +07:00: node: ${ENV_FILE:-.env}: not found
2025-12-24 19:21:58 +07:00: node: ${ENV_FILE:-.env}: not found
2025-12-24 19:22:04 +07:00: node: ${ENV_FILE:-.env}: not found
2025-12-24 19:22:04 +07:00: node: ${ENV_FILE:-.env}: not found
2025-12-24 19:22:04 +07:00: node: ${ENV_FILE:-.env}: not found
2025-12-24 19:22:04 +07:00: node: ${ENV_FILE:-.env}: not found
2025-12-24 19:22:04 +07:00: node: ${ENV_FILE:-.env}: not found
2025-12-24 19:22:04 +07:00: node: ${ENV_FILE:-.env}: not found
2025-12-24 19:22:04 +07:00: node: ${ENV_FILE:-.env}: not found
2025-12-24 19:22:04 +07:00: node: ${ENV_FILE:-.env}: not found
2025-12-24 19:22:04 +07:00: node: ${ENV_FILE:-.env}: not found
2025-12-24 19:22:04 +07:00: node: ${ENV_FILE:-.env}: not found
2025-12-24 19:22:04 +07:00: node: ${ENV_FILE:-.env}: not found
2025-12-24 19:22:04 +07:00: node: ${ENV_FILE:-.env}: not found
2025-12-24 19:22:04 +07:00: node: ${ENV_FILE:-.env}: not found
2025-12-24 19:22:04 +07:00: node: ${ENV_FILE:-.env}: not found
2025-12-24 19:22:10 +07:00: {"level":"WARN","timestamp":"2025-12-24T12:22:10.304Z","logger":"kafkajs","message":"KafkaJS v2.0.0 switched default partitioner. To retain the same partitioning behavior as in previous versions, create the producer with the option \"createPartitioner: Partitioners.LegacyPartitioner\". See the migration guide at https://kafka.js.org/docs/migration-guide-v2.0.0#producer-new-default-partitioner for details. Silence this warning by setting the environment variable \"KAFKAJS_NO_PARTITIONER_WARNING=1\""}
2025-12-24 19:22:11 +07:00: Error starting server: Error: listen EADDRINUSE: address already in use 0.0.0.0:8001
2025-12-24 19:22:11 +07:00:     at Server.setupListenHandle [as _listen2] (node:net:1940:16)
2025-12-24 19:22:11 +07:00:     at listenInCluster (node:net:1997:12)
2025-12-24 19:22:11 +07:00:     at node:net:2206:7
2025-12-24 19:22:11 +07:00:     at process.processTicksAndRejections (node:internal/process/task_queues:89:21) {
2025-12-24 19:22:11 +07:00:   code: 'EADDRINUSE',
2025-12-24 19:22:11 +07:00:   errno: -98,
2025-12-24 19:22:11 +07:00:   syscall: 'listen',
2025-12-24 19:22:11 +07:00:   address: '0.0.0.0',
2025-12-24 19:22:11 +07:00:   port: 8001
2025-12-24 19:22:11 +07:00: }
2025-12-24 19:22:11 +07:00: {"level":"WARN","timestamp":"2025-12-24T12:22:11.733Z","logger":"kafkajs","message":"KafkaJS v2.0.0 switched default partitioner. To retain the same partitioning behavior as in previous versions, create the producer with the option \"createPartitioner: Partitioners.LegacyPartitioner\". See the migration guide at https://kafka.js.org/docs/migration-guide-v2.0.0#producer-new-default-partitioner for details. Silence this warning by setting the environment variable \"KAFKAJS_NO_PARTITIONER_WARNING=1\""}
2025-12-24 19:22:12 +07:00: Error starting server: Error: listen EADDRINUSE: address already in use 0.0.0.0:8001
2025-12-24 19:22:12 +07:00:     at Server.setupListenHandle [as _listen2] (node:net:1940:16)
2025-12-24 19:22:12 +07:00:     at listenInCluster (node:net:1997:12)
2025-12-24 19:22:12 +07:00:     at node:net:2206:7
2025-12-24 19:22:12 +07:00:     at process.processTicksAndRejections (node:internal/process/task_queues:89:21) {
2025-12-24 19:22:12 +07:00:   code: 'EADDRINUSE',
2025-12-24 19:22:12 +07:00:   errno: -98,
2025-12-24 19:22:12 +07:00:   syscall: 'listen',
2025-12-24 19:22:12 +07:00:   address: '0.0.0.0',
2025-12-24 19:22:12 +07:00:   port: 8001
2025-12-24 19:22:12 +07:00: }
2025-12-24 19:22:12 +07:00: {"level":"WARN","timestamp":"2025-12-24T12:22:12.856Z","logger":"kafkajs","message":"KafkaJS v2.0.0 switched default partitioner. To retain the same partitioning behavior as in previous versions, create the producer with the option \"createPartitioner: Partitioners.LegacyPartitioner\". See the migration guide at https://kafka.js.org/docs/migration-guide-v2.0.0#producer-new-default-partitioner for details. Silence this warning by setting the environment variable \"KAFKAJS_NO_PARTITIONER_WARNING=1\""}
2025-12-24 19:22:13 +07:00: Error starting server: Error: listen EADDRINUSE: address already in use 0.0.0.0:8001
2025-12-24 19:22:13 +07:00:     at Server.setupListenHandle [as _listen2] (node:net:1940:16)
2025-12-24 19:22:13 +07:00:     at listenInCluster (node:net:1997:12)
2025-12-24 19:22:13 +07:00:     at node:net:2206:7
2025-12-24 19:22:13 +07:00:     at process.processTicksAndRejections (node:internal/process/task_queues:89:21) {
2025-12-24 19:22:13 +07:00:   code: 'EADDRINUSE',
2025-12-24 19:22:13 +07:00:   errno: -98,
2025-12-24 19:22:13 +07:00:   syscall: 'listen',
2025-12-24 19:22:13 +07:00:   address: '0.0.0.0',
2025-12-24 19:22:13 +07:00:   port: 8001
2025-12-24 19:22:13 +07:00: }
2025-12-24 19:22:13 +07:00: {"level":"WARN","timestamp":"2025-12-24T12:22:13.933Z","logger":"kafkajs","message":"KafkaJS v2.0.0 switched default partitioner. To retain the same partitioning behavior as in previous versions, create the producer with the option \"createPartitioner: Partitioners.LegacyPartitioner\". See the migration guide at https://kafka.js.org/docs/migration-guide-v2.0.0#producer-new-default-partitioner for details. Silence this warning by setting the environment variable \"KAFKAJS_NO_PARTITIONER_WARNING=1\""}
2025-12-24 19:22:14 +07:00: {"level":"WARN","timestamp":"2025-12-24T12:22:14.777Z","logger":"kafkajs","message":"KafkaJS v2.0.0 switched default partitioner. To retain the same partitioning behavior as in previous versions, create the producer with the option \"createPartitioner: Partitioners.LegacyPartitioner\". See the migration guide at https://kafka.js.org/docs/migration-guide-v2.0.0#producer-new-default-partitioner for details. Silence this warning by setting the environment variable \"KAFKAJS_NO_PARTITIONER_WARNING=1\""}
2025-12-24 19:22:15 +07:00: Error starting server: Error: listen EADDRINUSE: address already in use 0.0.0.0:8001
2025-12-24 19:22:15 +07:00:     at Server.setupListenHandle [as _listen2] (node:net:1940:16)
2025-12-24 19:22:15 +07:00:     at listenInCluster (node:net:1997:12)
2025-12-24 19:22:15 +07:00:     at node:net:2206:7
2025-12-24 19:22:15 +07:00:     at process.processTicksAndRejections (node:internal/process/task_queues:89:21) {
2025-12-24 19:22:15 +07:00:   code: 'EADDRINUSE',
2025-12-24 19:22:15 +07:00:   errno: -98,
2025-12-24 19:22:15 +07:00:   syscall: 'listen',
2025-12-24 19:22:15 +07:00:   address: '0.0.0.0',
2025-12-24 19:22:15 +07:00:   port: 8001
2025-12-24 19:22:15 +07:00: }
2025-12-24 19:22:15 +07:00: {"level":"WARN","timestamp":"2025-12-24T12:22:15.769Z","logger":"kafkajs","message":"KafkaJS v2.0.0 switched default partitioner. To retain the same partitioning behavior as in previous versions, create the producer with the option \"createPartitioner: Partitioners.LegacyPartitioner\". See the migration guide at https://kafka.js.org/docs/migration-guide-v2.0.0#producer-new-default-partitioner for details. Silence this warning by setting the environment variable \"KAFKAJS_NO_PARTITIONER_WARNING=1\""}
2025-12-24 19:22:16 +07:00: Error starting server: Error: listen EADDRINUSE: address already in use 0.0.0.0:8001
2025-12-24 19:22:16 +07:00:     at Server.setupListenHandle [as _listen2] (node:net:1940:16)
2025-12-24 19:22:16 +07:00:     at listenInCluster (node:net:1997:12)
2025-12-24 19:22:16 +07:00:     at node:net:2206:7
2025-12-24 19:22:16 +07:00:     at process.processTicksAndRejections (node:internal/process/task_queues:89:21) {
2025-12-24 19:22:16 +07:00:   code: 'EADDRINUSE',
2025-12-24 19:22:16 +07:00:   errno: -98,
2025-12-24 19:22:16 +07:00:   syscall: 'listen',
2025-12-24 19:22:16 +07:00:   address: '0.0.0.0',
2025-12-24 19:22:16 +07:00:   port: 8001
2025-12-24 19:22:16 +07:00: }
2025-12-24 19:22:16 +07:00: {"level":"WARN","timestamp":"2025-12-24T12:22:16.759Z","logger":"kafkajs","message":"KafkaJS v2.0.0 switched default partitioner. To retain the same partitioning behavior as in previous versions, create the producer with the option \"createPartitioner: Partitioners.LegacyPartitioner\". See the migration guide at https://kafka.js.org/docs/migration-guide-v2.0.0#producer-new-default-partitioner for details. Silence this warning by setting the environment variable \"KAFKAJS_NO_PARTITIONER_WARNING=1\""}
2025-12-24 19:22:17 +07:00: Error starting server: Error: listen EADDRINUSE: address already in use 0.0.0.0:8001
2025-12-24 19:22:17 +07:00:     at Server.setupListenHandle [as _listen2] (node:net:1940:16)
2025-12-24 19:22:17 +07:00:     at listenInCluster (node:net:1997:12)
2025-12-24 19:22:17 +07:00:     at node:net:2206:7
2025-12-24 19:22:17 +07:00:     at process.processTicksAndRejections (node:internal/process/task_queues:89:21) {
2025-12-24 19:22:17 +07:00:   code: 'EADDRINUSE',
2025-12-24 19:22:17 +07:00:   errno: -98,
2025-12-24 19:22:17 +07:00:   syscall: 'listen',
2025-12-24 19:22:17 +07:00:   address: '0.0.0.0',
2025-12-24 19:22:17 +07:00:   port: 8001
2025-12-24 19:22:17 +07:00: }
2025-12-24 19:22:17 +07:00: {"level":"WARN","timestamp":"2025-12-24T12:22:17.718Z","logger":"kafkajs","message":"KafkaJS v2.0.0 switched default partitioner. To retain the same partitioning behavior as in previous versions, create the producer with the option \"createPartitioner: Partitioners.LegacyPartitioner\". See the migration guide at https://kafka.js.org/docs/migration-guide-v2.0.0#producer-new-default-partitioner for details. Silence this warning by setting the environment variable \"KAFKAJS_NO_PARTITIONER_WARNING=1\""}
2025-12-24 19:22:18 +07:00: Error starting server: Error: listen EADDRINUSE: address already in use 0.0.0.0:8001
2025-12-24 19:22:18 +07:00:     at Server.setupListenHandle [as _listen2] (node:net:1940:16)
2025-12-24 19:22:18 +07:00:     at listenInCluster (node:net:1997:12)
2025-12-24 19:22:18 +07:00:     at node:net:2206:7
2025-12-24 19:22:18 +07:00:     at process.processTicksAndRejections (node:internal/process/task_queues:89:21) {
2025-12-24 19:22:18 +07:00:   code: 'EADDRINUSE',
2025-12-24 19:22:18 +07:00:   errno: -98,
2025-12-24 19:22:18 +07:00:   syscall: 'listen',
2025-12-24 19:22:18 +07:00:   address: '0.0.0.0',
2025-12-24 19:22:18 +07:00:   port: 8001
2025-12-24 19:22:18 +07:00: }
2025-12-24 19:22:18 +07:00: {"level":"WARN","timestamp":"2025-12-24T12:22:18.749Z","logger":"kafkajs","message":"KafkaJS v2.0.0 switched default partitioner. To retain the same partitioning behavior as in previous versions, create the producer with the option \"createPartitioner: Partitioners.LegacyPartitioner\". See the migration guide at https://kafka.js.org/docs/migration-guide-v2.0.0#producer-new-default-partitioner for details. Silence this warning by setting the environment variable \"KAFKAJS_NO_PARTITIONER_WARNING=1\""}
2025-12-24 19:22:19 +07:00: Error starting server: Error: listen EADDRINUSE: address already in use 0.0.0.0:8001
2025-12-24 19:22:19 +07:00:     at Server.setupListenHandle [as _listen2] (node:net:1940:16)
2025-12-24 19:22:19 +07:00:     at listenInCluster (node:net:1997:12)
2025-12-24 19:22:19 +07:00:     at node:net:2206:7
2025-12-24 19:22:19 +07:00:     at process.processTicksAndRejections (node:internal/process/task_queues:89:21) {
2025-12-24 19:22:19 +07:00:   code: 'EADDRINUSE',
2025-12-24 19:22:19 +07:00:   errno: -98,
2025-12-24 19:22:19 +07:00:   syscall: 'listen',
2025-12-24 19:22:19 +07:00:   address: '0.0.0.0',
2025-12-24 19:22:19 +07:00:   port: 8001
2025-12-24 19:22:19 +07:00: }
2025-12-24 19:22:20 +07:00: {"level":"WARN","timestamp":"2025-12-24T12:22:20.045Z","logger":"kafkajs","message":"KafkaJS v2.0.0 switched default partitioner. To retain the same partitioning behavior as in previous versions, create the producer with the option \"createPartitioner: Partitioners.LegacyPartitioner\". See the migration guide at https://kafka.js.org/docs/migration-guide-v2.0.0#producer-new-default-partitioner for details. Silence this warning by setting the environment variable \"KAFKAJS_NO_PARTITIONER_WARNING=1\""}
2025-12-24 19:22:20 +07:00: Error starting server: Error: listen EADDRINUSE: address already in use 0.0.0.0:8001
2025-12-24 19:22:20 +07:00:     at Server.setupListenHandle [as _listen2] (node:net:1940:16)
2025-12-24 19:22:20 +07:00:     at listenInCluster (node:net:1997:12)
2025-12-24 19:22:20 +07:00:     at node:net:2206:7
2025-12-24 19:22:20 +07:00:     at process.processTicksAndRejections (node:internal/process/task_queues:89:21) {
2025-12-24 19:22:20 +07:00:   code: 'EADDRINUSE',
2025-12-24 19:22:20 +07:00:   errno: -98,
2025-12-24 19:22:20 +07:00:   syscall: 'listen',
2025-12-24 19:22:20 +07:00:   address: '0.0.0.0',
2025-12-24 19:22:20 +07:00:   port: 8001
2025-12-24 19:22:20 +07:00: }
2025-12-24 19:22:21 +07:00: {"level":"WARN","timestamp":"2025-12-24T12:22:21.171Z","logger":"kafkajs","message":"KafkaJS v2.0.0 switched default partitioner. To retain the same partitioning behavior as in previous versions, create the producer with the option \"createPartitioner: Partitioners.LegacyPartitioner\". See the migration guide at https://kafka.js.org/docs/migration-guide-v2.0.0#producer-new-default-partitioner for details. Silence this warning by setting the environment variable \"KAFKAJS_NO_PARTITIONER_WARNING=1\""}
2025-12-24 19:22:21 +07:00: Error starting server: Error: listen EADDRINUSE: address already in use 0.0.0.0:8001
2025-12-24 19:22:21 +07:00:     at Server.setupListenHandle [as _listen2] (node:net:1940:16)
2025-12-24 19:22:21 +07:00:     at listenInCluster (node:net:1997:12)
2025-12-24 19:22:21 +07:00:     at node:net:2206:7
2025-12-24 19:22:21 +07:00:     at process.processTicksAndRejections (node:internal/process/task_queues:89:21) {
2025-12-24 19:22:21 +07:00:   code: 'EADDRINUSE',
2025-12-24 19:22:21 +07:00:   errno: -98,
2025-12-24 19:22:21 +07:00:   syscall: 'listen',
2025-12-24 19:22:21 +07:00:   address: '0.0.0.0',
2025-12-24 19:22:21 +07:00:   port: 8001
2025-12-24 19:22:21 +07:00: }
2025-12-24 19:22:22 +07:00: {"level":"WARN","timestamp":"2025-12-24T12:22:22.225Z","logger":"kafkajs","message":"KafkaJS v2.0.0 switched default partitioner. To retain the same partitioning behavior as in previous versions, create the producer with the option \"createPartitioner: Partitioners.LegacyPartitioner\". See the migration guide at https://kafka.js.org/docs/migration-guide-v2.0.0#producer-new-default-partitioner for details. Silence this warning by setting the environment variable \"KAFKAJS_NO_PARTITIONER_WARNING=1\""}
2025-12-24 19:22:22 +07:00: Error starting server: Error: listen EADDRINUSE: address already in use 0.0.0.0:8001
2025-12-24 19:22:22 +07:00:     at Server.setupListenHandle [as _listen2] (node:net:1940:16)
2025-12-24 19:22:22 +07:00:     at listenInCluster (node:net:1997:12)
2025-12-24 19:22:22 +07:00:     at node:net:2206:7
2025-12-24 19:22:22 +07:00:     at process.processTicksAndRejections (node:internal/process/task_queues:89:21) {
2025-12-24 19:22:22 +07:00:   code: 'EADDRINUSE',
2025-12-24 19:22:22 +07:00:   errno: -98,
2025-12-24 19:22:22 +07:00:   syscall: 'listen',
2025-12-24 19:22:22 +07:00:   address: '0.0.0.0',
2025-12-24 19:22:22 +07:00:   port: 8001
2025-12-24 19:22:22 +07:00: }
2025-12-24 19:22:23 +07:00: {"level":"WARN","timestamp":"2025-12-24T12:22:23.264Z","logger":"kafkajs","message":"KafkaJS v2.0.0 switched default partitioner. To retain the same partitioning behavior as in previous versions, create the producer with the option \"createPartitioner: Partitioners.LegacyPartitioner\". See the migration guide at https://kafka.js.org/docs/migration-guide-v2.0.0#producer-new-default-partitioner for details. Silence this warning by setting the environment variable \"KAFKAJS_NO_PARTITIONER_WARNING=1\""}
2025-12-24 19:22:23 +07:00: Error starting server: Error: listen EADDRINUSE: address already in use 0.0.0.0:8001
2025-12-24 19:22:23 +07:00:     at Server.setupListenHandle [as _listen2] (node:net:1940:16)
2025-12-24 19:22:23 +07:00:     at listenInCluster (node:net:1997:12)
2025-12-24 19:22:23 +07:00:     at node:net:2206:7
2025-12-24 19:22:23 +07:00:     at process.processTicksAndRejections (node:internal/process/task_queues:89:21) {
2025-12-24 19:22:23 +07:00:   code: 'EADDRINUSE',
2025-12-24 19:22:23 +07:00:   errno: -98,
2025-12-24 19:22:23 +07:00:   syscall: 'listen',
2025-12-24 19:22:23 +07:00:   address: '0.0.0.0',
2025-12-24 19:22:23 +07:00:   port: 8001
2025-12-24 19:22:23 +07:00: }
2025-12-24 19:22:24 +07:00: {"level":"WARN","timestamp":"2025-12-24T12:22:24.307Z","logger":"kafkajs","message":"KafkaJS v2.0.0 switched default partitioner. To retain the same partitioning behavior as in previous versions, create the producer with the option \"createPartitioner: Partitioners.LegacyPartitioner\". See the migration guide at https://kafka.js.org/docs/migration-guide-v2.0.0#producer-new-default-partitioner for details. Silence this warning by setting the environment variable \"KAFKAJS_NO_PARTITIONER_WARNING=1\""}
2025-12-24 19:22:24 +07:00: Error starting server: Error: listen EADDRINUSE: address already in use 0.0.0.0:8001
2025-12-24 19:22:24 +07:00:     at Server.setupListenHandle [as _listen2] (node:net:1940:16)
2025-12-24 19:22:24 +07:00:     at listenInCluster (node:net:1997:12)
2025-12-24 19:22:24 +07:00:     at node:net:2206:7
2025-12-24 19:22:24 +07:00:     at process.processTicksAndRejections (node:internal/process/task_queues:89:21) {
2025-12-24 19:22:24 +07:00:   code: 'EADDRINUSE',
2025-12-24 19:22:24 +07:00:   errno: -98,
2025-12-24 19:22:24 +07:00:   syscall: 'listen',
2025-12-24 19:22:24 +07:00:   address: '0.0.0.0',
2025-12-24 19:22:24 +07:00:   port: 8001
2025-12-24 19:22:24 +07:00: }
2025-12-24 19:22:25 +07:00: {"level":"WARN","timestamp":"2025-12-24T12:22:25.322Z","logger":"kafkajs","message":"KafkaJS v2.0.0 switched default partitioner. To retain the same partitioning behavior as in previous versions, create the producer with the option \"createPartitioner: Partitioners.LegacyPartitioner\". See the migration guide at https://kafka.js.org/docs/migration-guide-v2.0.0#producer-new-default-partitioner for details. Silence this warning by setting the environment variable \"KAFKAJS_NO_PARTITIONER_WARNING=1\""}
2025-12-24 19:22:25 +07:00: Error starting server: Error: listen EADDRINUSE: address already in use 0.0.0.0:8001
2025-12-24 19:22:25 +07:00:     at Server.setupListenHandle [as _listen2] (node:net:1940:16)
2025-12-24 19:22:25 +07:00:     at listenInCluster (node:net:1997:12)
2025-12-24 19:22:25 +07:00:     at node:net:2206:7
2025-12-24 19:22:25 +07:00:     at process.processTicksAndRejections (node:internal/process/task_queues:89:21) {
2025-12-24 19:22:25 +07:00:   code: 'EADDRINUSE',
2025-12-24 19:22:25 +07:00:   errno: -98,
2025-12-24 19:22:25 +07:00:   syscall: 'listen',
2025-12-24 19:22:25 +07:00:   address: '0.0.0.0',
2025-12-24 19:22:25 +07:00:   port: 8001
2025-12-24 19:22:25 +07:00: }
2025-12-24 19:22:26 +07:00: {"level":"WARN","timestamp":"2025-12-24T12:22:26.407Z","logger":"kafkajs","message":"KafkaJS v2.0.0 switched default partitioner. To retain the same partitioning behavior as in previous versions, create the producer with the option \"createPartitioner: Partitioners.LegacyPartitioner\". See the migration guide at https://kafka.js.org/docs/migration-guide-v2.0.0#producer-new-default-partitioner for details. Silence this warning by setting the environment variable \"KAFKAJS_NO_PARTITIONER_WARNING=1\""}
2025-12-24 19:22:27 +07:00: Error starting server: Error: listen EADDRINUSE: address already in use 0.0.0.0:8001
2025-12-24 19:22:27 +07:00:     at Server.setupListenHandle [as _listen2] (node:net:1940:16)
2025-12-24 19:22:27 +07:00:     at listenInCluster (node:net:1997:12)
2025-12-24 19:22:27 +07:00:     at node:net:2206:7
2025-12-24 19:22:27 +07:00:     at process.processTicksAndRejections (node:internal/process/task_queues:89:21) {
2025-12-24 19:22:27 +07:00:   code: 'EADDRINUSE',
2025-12-24 19:22:27 +07:00:   errno: -98,
2025-12-24 19:22:27 +07:00:   syscall: 'listen',
2025-12-24 19:22:27 +07:00:   address: '0.0.0.0',
2025-12-24 19:22:27 +07:00:   port: 8001
2025-12-24 19:22:27 +07:00: }
2025-12-24 19:22:27 +07:00: {"level":"WARN","timestamp":"2025-12-24T12:22:27.518Z","logger":"kafkajs","message":"KafkaJS v2.0.0 switched default partitioner. To retain the same partitioning behavior as in previous versions, create the producer with the option \"createPartitioner: Partitioners.LegacyPartitioner\". See the migration guide at https://kafka.js.org/docs/migration-guide-v2.0.0#producer-new-default-partitioner for details. Silence this warning by setting the environment variable \"KAFKAJS_NO_PARTITIONER_WARNING=1\""}
2025-12-24 19:22:28 +07:00: Error starting server: Error: listen EADDRINUSE: address already in use 0.0.0.0:8001
2025-12-24 19:22:28 +07:00:     at Server.setupListenHandle [as _listen2] (node:net:1940:16)
2025-12-24 19:22:28 +07:00:     at listenInCluster (node:net:1997:12)
2025-12-24 19:22:28 +07:00:     at node:net:2206:7
2025-12-24 19:22:28 +07:00:     at process.processTicksAndRejections (node:internal/process/task_queues:89:21) {
2025-12-24 19:22:28 +07:00:   code: 'EADDRINUSE',
2025-12-24 19:22:28 +07:00:   errno: -98,
2025-12-24 19:22:28 +07:00:   syscall: 'listen',
2025-12-24 19:22:28 +07:00:   address: '0.0.0.0',
2025-12-24 19:22:28 +07:00:   port: 8001
2025-12-24 19:22:28 +07:00: }
2025-12-24 19:22:28 +07:00: {"level":"WARN","timestamp":"2025-12-24T12:22:28.620Z","logger":"kafkajs","message":"KafkaJS v2.0.0 switched default partitioner. To retain the same partitioning behavior as in previous versions, create the producer with the option \"createPartitioner: Partitioners.LegacyPartitioner\". See the migration guide at https://kafka.js.org/docs/migration-guide-v2.0.0#producer-new-default-partitioner for details. Silence this warning by setting the environment variable \"KAFKAJS_NO_PARTITIONER_WARNING=1\""}
2025-12-24 19:22:29 +07:00: Error starting server: Error: listen EADDRINUSE: address already in use 0.0.0.0:8001
2025-12-24 19:22:29 +07:00:     at Server.setupListenHandle [as _listen2] (node:net:1940:16)
2025-12-24 19:22:29 +07:00:     at listenInCluster (node:net:1997:12)
2025-12-24 19:22:29 +07:00:     at node:net:2206:7
2025-12-24 19:22:29 +07:00:     at process.processTicksAndRejections (node:internal/process/task_queues:89:21) {
2025-12-24 19:22:29 +07:00:   code: 'EADDRINUSE',
2025-12-24 19:22:29 +07:00:   errno: -98,
2025-12-24 19:22:29 +07:00:   syscall: 'listen',
2025-12-24 19:22:29 +07:00:   address: '0.0.0.0',
2025-12-24 19:22:29 +07:00:   port: 8001
2025-12-24 19:22:29 +07:00: }
2025-12-24 19:22:29 +07:00: {"level":"WARN","timestamp":"2025-12-24T12:22:29.623Z","logger":"kafkajs","message":"KafkaJS v2.0.0 switched default partitioner. To retain the same partitioning behavior as in previous versions, create the producer with the option \"createPartitioner: Partitioners.LegacyPartitioner\". See the migration guide at https://kafka.js.org/docs/migration-guide-v2.0.0#producer-new-default-partitioner for details. Silence this warning by setting the environment variable \"KAFKAJS_NO_PARTITIONER_WARNING=1\""}
2025-12-24 19:22:30 +07:00: Error starting server: Error: listen EADDRINUSE: address already in use 0.0.0.0:8001
2025-12-24 19:22:30 +07:00:     at Server.setupListenHandle [as _listen2] (node:net:1940:16)
2025-12-24 19:22:30 +07:00:     at listenInCluster (node:net:1997:12)
2025-12-24 19:22:30 +07:00:     at node:net:2206:7
2025-12-24 19:22:30 +07:00:     at process.processTicksAndRejections (node:internal/process/task_queues:89:21) {
2025-12-24 19:22:30 +07:00:   code: 'EADDRINUSE',
2025-12-24 19:22:30 +07:00:   errno: -98,
2025-12-24 19:22:30 +07:00:   syscall: 'listen',
2025-12-24 19:22:30 +07:00:   address: '0.0.0.0',
2025-12-24 19:22:30 +07:00:   port: 8001
2025-12-24 19:22:30 +07:00: }
2025-12-24 19:22:30 +07:00: {"level":"WARN","timestamp":"2025-12-24T12:22:30.608Z","logger":"kafkajs","message":"KafkaJS v2.0.0 switched default partitioner. To retain the same partitioning behavior as in previous versions, create the producer with the option \"createPartitioner: Partitioners.LegacyPartitioner\". See the migration guide at https://kafka.js.org/docs/migration-guide-v2.0.0#producer-new-default-partitioner for details. Silence this warning by setting the environment variable \"KAFKAJS_NO_PARTITIONER_WARNING=1\""}
2025-12-24 19:22:31 +07:00: Error starting server: Error: listen EADDRINUSE: address already in use 0.0.0.0:8001
2025-12-24 19:22:31 +07:00:     at Server.setupListenHandle [as _listen2] (node:net:1940:16)
2025-12-24 19:22:31 +07:00:     at listenInCluster (node:net:1997:12)
2025-12-24 19:22:31 +07:00:     at node:net:2206:7
2025-12-24 19:22:31 +07:00:     at process.processTicksAndRejections (node:internal/process/task_queues:89:21) {
2025-12-24 19:22:31 +07:00:   code: 'EADDRINUSE',
2025-12-24 19:22:31 +07:00:   errno: -98,
2025-12-24 19:22:31 +07:00:   syscall: 'listen',
2025-12-24 19:22:31 +07:00:   address: '0.0.0.0',
2025-12-24 19:22:31 +07:00:   port: 8001
2025-12-24 19:22:31 +07:00: }
2025-12-24 19:22:31 +07:00: {"level":"WARN","timestamp":"2025-12-24T12:22:31.578Z","logger":"kafkajs","message":"KafkaJS v2.0.0 switched default partitioner. To retain the same partitioning behavior as in previous versions, create the producer with the option \"createPartitioner: Partitioners.LegacyPartitioner\". See the migration guide at https://kafka.js.org/docs/migration-guide-v2.0.0#producer-new-default-partitioner for details. Silence this warning by setting the environment variable \"KAFKAJS_NO_PARTITIONER_WARNING=1\""}
2025-12-24 19:22:32 +07:00: Error starting server: Error: listen EADDRINUSE: address already in use 0.0.0.0:8001
2025-12-24 19:22:32 +07:00:     at Server.setupListenHandle [as _listen2] (node:net:1940:16)
2025-12-24 19:22:32 +07:00:     at listenInCluster (node:net:1997:12)
2025-12-24 19:22:32 +07:00:     at node:net:2206:7
2025-12-24 19:22:32 +07:00:     at process.processTicksAndRejections (node:internal/process/task_queues:89:21) {
2025-12-24 19:22:32 +07:00:   code: 'EADDRINUSE',
2025-12-24 19:22:32 +07:00:   errno: -98,
2025-12-24 19:22:32 +07:00:   syscall: 'listen',
2025-12-24 19:22:32 +07:00:   address: '0.0.0.0',
2025-12-24 19:22:32 +07:00:   port: 8001
2025-12-24 19:22:32 +07:00: }
2025-12-24 19:22:32 +07:00: {"level":"WARN","timestamp":"2025-12-24T12:22:32.658Z","logger":"kafkajs","message":"KafkaJS v2.0.0 switched default partitioner. To retain the same partitioning behavior as in previous versions, create the producer with the option \"createPartitioner: Partitioners.LegacyPartitioner\". See the migration guide at https://kafka.js.org/docs/migration-guide-v2.0.0#producer-new-default-partitioner for details. Silence this warning by setting the environment variable \"KAFKAJS_NO_PARTITIONER_WARNING=1\""}
2025-12-24 19:22:33 +07:00: Error starting server: Error: listen EADDRINUSE: address already in use 0.0.0.0:8001
2025-12-24 19:22:33 +07:00:     at Server.setupListenHandle [as _listen2] (node:net:1940:16)
2025-12-24 19:22:33 +07:00:     at listenInCluster (node:net:1997:12)
2025-12-24 19:22:33 +07:00:     at node:net:2206:7
2025-12-24 19:22:33 +07:00:     at process.processTicksAndRejections (node:internal/process/task_queues:89:21) {
2025-12-24 19:22:33 +07:00:   code: 'EADDRINUSE',
2025-12-24 19:22:33 +07:00:   errno: -98,
2025-12-24 19:22:33 +07:00:   syscall: 'listen',
2025-12-24 19:22:33 +07:00:   address: '0.0.0.0',
2025-12-24 19:22:33 +07:00:   port: 8001
2025-12-24 19:22:33 +07:00: }
2025-12-24 19:22:33 +07:00: {"level":"WARN","timestamp":"2025-12-24T12:22:33.607Z","logger":"kafkajs","message":"KafkaJS v2.0.0 switched default partitioner. To retain the same partitioning behavior as in previous versions, create the producer with the option \"createPartitioner: Partitioners.LegacyPartitioner\". See the migration guide at https://kafka.js.org/docs/migration-guide-v2.0.0#producer-new-default-partitioner for details. Silence this warning by setting the environment variable \"KAFKAJS_NO_PARTITIONER_WARNING=1\""}
2025-12-24 19:22:34 +07:00: Error starting server: Error: listen EADDRINUSE: address already in use 0.0.0.0:8001
2025-12-24 19:22:34 +07:00:     at Server.setupListenHandle [as _listen2] (node:net:1940:16)
2025-12-24 19:22:34 +07:00:     at listenInCluster (node:net:1997:12)
2025-12-24 19:22:34 +07:00:     at node:net:2206:7
2025-12-24 19:22:34 +07:00:     at process.processTicksAndRejections (node:internal/process/task_queues:89:21) {
2025-12-24 19:22:34 +07:00:   code: 'EADDRINUSE',
2025-12-24 19:22:34 +07:00:   errno: -98,
2025-12-24 19:22:34 +07:00:   syscall: 'listen',
2025-12-24 19:22:34 +07:00:   address: '0.0.0.0',
2025-12-24 19:22:34 +07:00:   port: 8001
2025-12-24 19:22:34 +07:00: }
2025-12-24 19:22:34 +07:00: {"level":"WARN","timestamp":"2025-12-24T12:22:34.670Z","logger":"kafkajs","message":"KafkaJS v2.0.0 switched default partitioner. To retain the same partitioning behavior as in previous versions, create the producer with the option \"createPartitioner: Partitioners.LegacyPartitioner\". See the migration guide at https://kafka.js.org/docs/migration-guide-v2.0.0#producer-new-default-partitioner for details. Silence this warning by setting the environment variable \"KAFKAJS_NO_PARTITIONER_WARNING=1\""}
2025-12-24 19:22:35 +07:00: Error starting server: Error: listen EADDRINUSE: address already in use 0.0.0.0:8001
2025-12-24 19:22:35 +07:00:     at Server.setupListenHandle [as _listen2] (node:net:1940:16)
2025-12-24 19:22:35 +07:00:     at listenInCluster (node:net:1997:12)
2025-12-24 19:22:35 +07:00:     at node:net:2206:7
2025-12-24 19:22:35 +07:00:     at process.processTicksAndRejections (node:internal/process/task_queues:89:21) {
2025-12-24 19:22:35 +07:00:   code: 'EADDRINUSE',
2025-12-24 19:22:35 +07:00:   errno: -98,
2025-12-24 19:22:35 +07:00:   syscall: 'listen',
2025-12-24 19:22:35 +07:00:   address: '0.0.0.0',
2025-12-24 19:22:35 +07:00:   port: 8001
2025-12-24 19:22:35 +07:00: }
2025-12-24 19:22:35 +07:00: {"level":"WARN","timestamp":"2025-12-24T12:22:35.653Z","logger":"kafkajs","message":"KafkaJS v2.0.0 switched default partitioner. To retain the same partitioning behavior as in previous versions, create the producer with the option \"createPartitioner: Partitioners.LegacyPartitioner\". See the migration guide at https://kafka.js.org/docs/migration-guide-v2.0.0#producer-new-default-partitioner for details. Silence this warning by setting the environment variable \"KAFKAJS_NO_PARTITIONER_WARNING=1\""}
2025-12-24 19:22:36 +07:00: Error starting server: Error: listen EADDRINUSE: address already in use 0.0.0.0:8001
2025-12-24 19:22:36 +07:00:     at Server.setupListenHandle [as _listen2] (node:net:1940:16)
2025-12-24 19:22:36 +07:00:     at listenInCluster (node:net:1997:12)
2025-12-24 19:22:36 +07:00:     at node:net:2206:7
2025-12-24 19:22:36 +07:00:     at process.processTicksAndRejections (node:internal/process/task_queues:89:21) {
2025-12-24 19:22:36 +07:00:   code: 'EADDRINUSE',
2025-12-24 19:22:36 +07:00:   errno: -98,
2025-12-24 19:22:36 +07:00:   syscall: 'listen',
2025-12-24 19:22:36 +07:00:   address: '0.0.0.0',
2025-12-24 19:22:36 +07:00:   port: 8001
2025-12-24 19:22:36 +07:00: }
2025-12-24 19:22:36 +07:00: {"level":"WARN","timestamp":"2025-12-24T12:22:36.641Z","logger":"kafkajs","message":"KafkaJS v2.0.0 switched default partitioner. To retain the same partitioning behavior as in previous versions, create the producer with the option \"createPartitioner: Partitioners.LegacyPartitioner\". See the migration guide at https://kafka.js.org/docs/migration-guide-v2.0.0#producer-new-default-partitioner for details. Silence this warning by setting the environment variable \"KAFKAJS_NO_PARTITIONER_WARNING=1\""}
2025-12-24 19:22:37 +07:00: Error starting server: Error: listen EADDRINUSE: address already in use 0.0.0.0:8001
2025-12-24 19:22:37 +07:00:     at Server.setupListenHandle [as _listen2] (node:net:1940:16)
2025-12-24 19:22:37 +07:00:     at listenInCluster (node:net:1997:12)
2025-12-24 19:22:37 +07:00:     at node:net:2206:7
2025-12-24 19:22:37 +07:00:     at process.processTicksAndRejections (node:internal/process/task_queues:89:21) {
2025-12-24 19:22:37 +07:00:   code: 'EADDRINUSE',
2025-12-24 19:22:37 +07:00:   errno: -98,
2025-12-24 19:22:37 +07:00:   syscall: 'listen',
2025-12-24 19:22:37 +07:00:   address: '0.0.0.0',
2025-12-24 19:22:37 +07:00:   port: 8001
2025-12-24 19:22:37 +07:00: }
2025-12-24 19:22:37 +07:00: {"level":"WARN","timestamp":"2025-12-24T12:22:37.640Z","logger":"kafkajs","message":"KafkaJS v2.0.0 switched default partitioner. To retain the same partitioning behavior as in previous versions, create the producer with the option \"createPartitioner: Partitioners.LegacyPartitioner\". See the migration guide at https://kafka.js.org/docs/migration-guide-v2.0.0#producer-new-default-partitioner for details. Silence this warning by setting the environment variable \"KAFKAJS_NO_PARTITIONER_WARNING=1\""}
2025-12-24 19:22:38 +07:00: Error starting server: Error: listen EADDRINUSE: address already in use 0.0.0.0:8001
2025-12-24 19:22:38 +07:00:     at Server.setupListenHandle [as _listen2] (node:net:1940:16)
2025-12-24 19:22:38 +07:00:     at listenInCluster (node:net:1997:12)
2025-12-24 19:22:38 +07:00:     at node:net:2206:7
2025-12-24 19:22:38 +07:00:     at process.processTicksAndRejections (node:internal/process/task_queues:89:21) {
2025-12-24 19:22:38 +07:00:   code: 'EADDRINUSE',
2025-12-24 19:22:38 +07:00:   errno: -98,
2025-12-24 19:22:38 +07:00:   syscall: 'listen',
2025-12-24 19:22:38 +07:00:   address: '0.0.0.0',
2025-12-24 19:22:38 +07:00:   port: 8001
2025-12-24 19:22:38 +07:00: }
