2025-12-24 19:19:17 +07:00:    ▲ Next.js 15.4.8
2025-12-24 19:19:17 +07:00:    - Local:        http://localhost:3000
2025-12-24 19:19:17 +07:00:    - Network:      http://192.168.156.174:3000
2025-12-24 19:19:17 +07:00: 
2025-12-24 19:19:17 +07:00:  ✓ Starting...
2025-12-24 19:19:17 +07:00:  ✓ Ready in 405ms
2025-12-24 19:21:54 +07:00:    ▲ Next.js 15.4.8
2025-12-24 19:21:54 +07:00:    - Local:        http://localhost:3000
2025-12-24 19:21:54 +07:00:    - Network:      http://192.168.156.174:3000
2025-12-24 19:21:54 +07:00: 
2025-12-24 19:21:54 +07:00:  ✓ Starting...
2025-12-24 19:21:54 +07:00:  ✓ Ready in 413ms
2025-12-24 19:21:58 +07:00:    ▲ Next.js 15.4.8
2025-12-24 19:21:58 +07:00:    - Local:        http://localhost:3000
2025-12-24 19:21:58 +07:00:    - Network:      http://192.168.156.174:3000
2025-12-24 19:21:58 +07:00: 
2025-12-24 19:21:58 +07:00:  ✓ Starting...
2025-12-24 19:21:59 +07:00:  ✓ Ready in 436ms
2025-12-24 19:22:04 +07:00:    ▲ Next.js 15.4.8
2025-12-24 19:22:04 +07:00:    - Local:        http://localhost:3000
2025-12-24 19:22:04 +07:00:    - Network:      http://192.168.156.174:3000
2025-12-24 19:22:04 +07:00: 
2025-12-24 19:22:04 +07:00:  ✓ Starting...
2025-12-24 19:22:04 +07:00:  ✓ Ready in 415ms
2025-12-24 19:22:09 +07:00:    ▲ Next.js 15.4.8
2025-12-24 19:22:09 +07:00:    - Local:        http://localhost:3000
2025-12-24 19:22:09 +07:00:    - Network:      http://192.168.156.174:3000
2025-12-24 19:22:09 +07:00: 
2025-12-24 19:22:09 +07:00:  ✓ Starting...
2025-12-24 19:22:10 +07:00:  ✓ Ready in 429ms
2025-12-24 19:22:14 +07:00:    ▲ Next.js 15.4.8
2025-12-24 19:22:14 +07:00:    - Local:        http://localhost:3000
2025-12-24 19:22:14 +07:00:    - Network:      http://192.168.156.174:3000
2025-12-24 19:22:14 +07:00: 
2025-12-24 19:22:14 +07:00:  ✓ Starting...
2025-12-24 19:22:14 +07:00:  ✓ Ready in 499ms
2025-12-24 19:22:19 +07:00:    ▲ Next.js 15.4.8
2025-12-24 19:22:19 +07:00:    - Local:        http://localhost:3000
2025-12-24 19:22:19 +07:00:    - Network:      http://192.168.156.174:3000
2025-12-24 19:22:19 +07:00: 
2025-12-24 19:22:19 +07:00:  ✓ Starting...
2025-12-24 19:22:19 +07:00:  ✓ Ready in 446ms
